[2016-08-10 19:17:44] START
[2016-08-10 19:18:45] EDIT sigf/models/db.py: 2
[2016-08-10 19:21:07] EDIT sigf/models/db.py: -1
[2016-08-10 19:21:25] EDIT sigf/models/db.py: 0
[2016-08-10 19:21:51] EDIT sigf/models/db.py: 0
[2016-08-10 19:22:51] CREATE 0.py: 0
[2016-08-10 19:22:58] EDIT sigf/models/0.py: 22
[2016-08-10 19:23:02] EDIT sigf/models/db.py: 0
[2016-08-10 19:23:17] EDIT sigf/models/db.py: 0
[2016-08-10 19:24:08] EDIT sigf/models/db.py: 0
[2016-08-10 19:25:05] EDIT sigf/models/db.py: -9
[2016-08-10 19:25:26] EDIT sigf/models/db.py: 0
[2016-08-10 19:27:01] EDIT sigf/models/db.py: 7
[2016-08-10 19:27:32] EDIT sigf/models/db.py: 0
[2016-08-10 19:28:32] EDIT sigf/models/db.py: 4
[2016-08-10 19:29:44] EDIT sigf/models/db.py: 0
[2016-08-10 19:30:19] EDIT sigf/models/db.py: -4
[2016-08-10 19:30:53] EDIT sigf/models/db.py: -2
[2016-08-10 19:31:17] EDIT sigf/models/db.py: 0
[2016-08-10 19:31:46] EDIT sigf/models/db.py: 1
[2016-08-10 19:31:50] EDIT sigf/models/db.py: -6
[2016-08-10 19:34:14] EDIT sigf/models/db.py: 1
[2016-08-10 19:36:03] EDIT sigf/models/db.py: -1
[2016-08-10 19:36:14] EDIT sigf/models/db.py: 5
[2016-08-10 19:36:55] EDIT sigf/models/db.py: 1
[2016-08-10 19:37:13] EDIT sigf/models/db.py: 0
[2016-08-10 19:37:19] EDIT sigf/models/db.py: 0
[2016-08-10 19:37:46] EDIT sigf/models/db.py: -5
[2016-08-10 19:38:14] EDIT sigf/models/db.py: 0
[2016-08-10 19:38:33] EDIT sigf/models/db.py: 0
[2016-08-10 19:39:15] EDIT sigf/models/db.py: 0
[2016-08-10 19:39:35] EDIT sigf/models/db.py: 0
[2016-08-10 19:40:34] EDIT sigf/models/db.py: 0
[2016-08-10 19:42:11] EDIT sigf/models/db.py: 4
[2016-08-10 19:45:08] EDIT sigf/models/db.py: 6
[2016-08-10 19:47:12] CREATE times.py: 0
[2016-08-10 19:51:39] EDIT sigf/controllers/times.py: 19
[2016-08-10 19:51:47] EDIT sigf/controllers/times.py: 0
[2016-08-10 19:52:14] CREATE times/cadastrar.html: 0
[2016-08-10 19:52:30] EDIT sigf/controllers/times.py: 0
[2016-08-10 19:53:21] EDIT sigf/views/times/cadastrar.html: 1
[2016-08-10 19:53:33] EDIT sigf/views/times/cadastrar.html: 0
[2016-08-10 19:56:22] EDIT sigf/controllers/times.py: 1
[2016-08-10 19:56:41] EDIT sigf/controllers/times.py: 0
[2016-08-10 19:57:09] EDIT sigf/controllers/times.py: 1
[2016-08-10 19:58:15] EDIT sigf/controllers/times.py: -1
[2016-08-10 19:58:35] EDIT sigf/controllers/times.py: -1
[2016-08-10 19:58:40] EDIT sigf/controllers/times.py: 0
[2016-08-10 19:58:51] EDIT sigf/controllers/times.py: 0
[2016-08-10 19:59:16] EDIT sigf/controllers/times.py: 0
[2016-08-10 19:59:18] EDIT sigf/controllers/times.py: 0
